[1;31m[error][0m there is no environment loaded
[1;31m[error][0m there is no environment loaded
+ for schedule in ./apps_mix/gpubench/pp-baseline/1B ./apps_mix/gpubench/pp-baseline/4B ./apps_mix/gpubench/pp-baseline/8B ./apps_mix/gpubench/pp-baseline/64B ./apps_mix/gpubench/pp-baseline/512B ./apps_mix/gpubench/pp-baseline/4KiB ./apps_mix/gpubench/pp-baseline/32KiB ./apps_mix/gpubench/pp-baseline/256KiB ./apps_mix/gpubench/pp-baseline/2MiB ./apps_mix/gpubench/pp-baseline/16MiB ./apps_mix/gpubench/pp-baseline/128MiB ./apps_mix/gpubench/pp-baseline/1GiB
+ for nam in l
+ for split in 100
+ python3 runner.py ./apps_mix/gpubench/pp-baseline/1B auto -am l -as 100 -n 1 -mn 1 -mx 10 -t 600 -a 0.05 -b 0.05 -of csv -ro +file -p 2

Passed arguments:
Namespace(app_mix='./apps_mix/gpubench/pp-baseline/1B', node_file='auto', numnodes=1, allocationmode='l', allocationsplit='100', minruns=1, maxruns=10, timeout=600.0, alpha=0.05, beta=0.05, ppn=2, convergeall=False, outformat='csv', runtimeout='+file', seed=1, datapath='./data', extrainfo=None, replace_mix_args=None)

Apps:
0: with arguments:"-l 100 -x 0", collection flag: True, ending condition: run until finished.
Split list: [100.0]
Splits: [1]

Node allocation:
Processes per node (ppn): 2
0 on 1 nodes:
['nid001340']

Schedule:
0.0s: start 0

Preparing took 0.02663s.

Running...
 Run 1:
  0.00312s: started 0
  0.37024s: awaited 0
  0.37025s: encountered an exception in 0
/bret/scratch/cscs/lfusco/blink//src/microbench-gpu/bin/pp_Baseline: error while loading shared libraries: libmpi_gnu_123.so.12: cannot open shared object file: No such file or directory
/bret/scratch/cscs/lfusco/blink//src/microbench-gpu/bin/pp_Baseline: error while loading shared libraries: libmpi_gnu_123.so.12: cannot open shared object file: No such file or directory
srun: error: nid001340: tasks 0-1: Exited with exit code 127
srun: Terminating StepId=51805.0

  Data collection took 1e-05s.
  Convergence check took 0.0s.
 Run 2:
  0.00342s: started 0
  0.26214s: awaited 0
  0.26215s: encountered an exception in 0
/bret/scratch/cscs/lfusco/blink//src/microbench-gpu/bin/pp_Baseline: error while loading shared libraries: libmpi_gnu_123.so.12: cannot open shared object file: No such file or directory
/bret/scratch/cscs/lfusco/blink//src/microbench-gpu/bin/pp_Baseline: error while loading shared libraries: libmpi_gnu_123.so.12: cannot open shared object file: No such file or directory
srun: error: nid001340: tasks 0-1: Exited with exit code 127
srun: Terminating StepId=51805.1

  Data collection took 1e-05s.
  Convergence check took 0.0s.
 Run 3:
  0.00317s: started 0
  0.40186s: awaited 0
  0.40188s: encountered an exception in 0
/bret/scratch/cscs/lfusco/blink//src/microbench-gpu/bin/pp_Baseline: error while loading shared libraries: libmpi_gnu_123.so.12: cannot open shared object file: No such file or directory
/bret/scratch/cscs/lfusco/blink//src/microbench-gpu/bin/pp_Baseline: error while loading shared libraries: libmpi_gnu_123.so.12: cannot open shared object file: No such file or directory
srun: error: nid001340: tasks 0-1: Exited with exit code 127
srun: Terminating StepId=51805.2

  Data collection took 1e-05s.
  Convergence check took 0.0s.
 Run 4:
  0.00354s: started 0
  0.47756s: awaited 0
  0.47758s: encountered an exception in 0
/bret/scratch/cscs/lfusco/blink//src/microbench-gpu/bin/pp_Baseline: error while loading shared libraries: libmpi_gnu_123.so.12: cannot open shared object file: No such file or directory
/bret/scratch/cscs/lfusco/blink//src/microbench-gpu/bin/pp_Baseline: error while loading shared libraries: libmpi_gnu_123.so.12: cannot open shared object file: No such file or directory
srun: error: nid001340: tasks 0-1: Exited with exit code 127
srun: Terminating StepId=51805.3

  Data collection took 1e-05s.
  Convergence check took 0.0s.
 Run 5:
  0.00336s: started 0
  0.2693s: awaited 0
  0.26932s: encountered an exception in 0
/bret/scratch/cscs/lfusco/blink//src/microbench-gpu/bin/pp_Baseline: error while loading shared libraries: libmpi_gnu_123.so.12: cannot open shared object file: No such file or directory
/bret/scratch/cscs/lfusco/blink//src/microbench-gpu/bin/pp_Baseline: error while loading shared libraries: libmpi_gnu_123.so.12: cannot open shared object file: No such file or directory
srun: error: nid001340: tasks 0-1: Exited with exit code 127
srun: Terminating StepId=51805.4

  Data collection took 1e-05s.
  Convergence check took 0.0s.
 Run 6:
  0.00321s: started 0
  0.26117s: awaited 0
  0.26118s: encountered an exception in 0
/bret/scratch/cscs/lfusco/blink//src/microbench-gpu/bin/pp_Baseline: error while loading shared libraries: libmpi_gnu_123.so.12: cannot open shared object file: No such file or directory
/bret/scratch/cscs/lfusco/blink//src/microbench-gpu/bin/pp_Baseline: error while loading shared libraries: libmpi_gnu_123.so.12: cannot open shared object file: No such file or directory
srun: error: nid001340: tasks 0-1: Exited with exit code 127
srun: Terminating StepId=51805.5

  Data collection took 1e-05s.
  Convergence check took 0.0s.
 Run 7:
  0.0031s: started 0
  0.40059s: awaited 0
  0.40059s: encountered an exception in 0
/bret/scratch/cscs/lfusco/blink//src/microbench-gpu/bin/pp_Baseline: error while loading shared libraries: libmpi_gnu_123.so.12: cannot open shared object file: No such file or directory
/bret/scratch/cscs/lfusco/blink//src/microbench-gpu/bin/pp_Baseline: error while loading shared libraries: libmpi_gnu_123.so.12: cannot open shared object file: No such file or directory
srun: error: nid001340: tasks 0-1: Exited with exit code 127
srun: Terminating StepId=51805.6

  Data collection took 0.0s.
  Convergence check took 0.0s.
 Run 8:
  0.00337s: started 0
  0.25958s: awaited 0
  0.25959s: encountered an exception in 0
/bret/scratch/cscs/lfusco/blink//src/microbench-gpu/bin/pp_Baseline: error while loading shared libraries: libmpi_gnu_123.so.12: cannot open shared object file: No such file or directory
/bret/scratch/cscs/lfusco/blink//src/microbench-gpu/bin/pp_Baseline: error while loading shared libraries: libmpi_gnu_123.so.12: cannot open shared object file: No such file or directory
srun: error: nid001340: tasks 0-1: Exited with exit code 127
srun: Terminating StepId=51805.7

  Data collection took 1e-05s.
  Convergence check took 0.0s.
 Run 9:
  0.00308s: started 0
  0.38902s: awaited 0
  0.38902s: encountered an exception in 0
/bret/scratch/cscs/lfusco/blink//src/microbench-gpu/bin/pp_Baseline: error while loading shared libraries: libmpi_gnu_123.so.12: cannot open shared object file: No such file or directory
/bret/scratch/cscs/lfusco/blink//src/microbench-gpu/bin/pp_Baseline: error while loading shared libraries: libmpi_gnu_123.so.12: cannot open shared object file: No such file or directory
srun: error: nid001340: tasks 0-1: Exited with exit code 127
srun: Terminating StepId=51805.8

  Data collection took 1e-05s.
  Convergence check took 0.0s.
 Run 10:
  0.00306s: started 0
  0.34376s: awaited 0
  0.34377s: encountered an exception in 0
/bret/scratch/cscs/lfusco/blink//src/microbench-gpu/bin/pp_Baseline: error while loading shared libraries: libmpi_gnu_123.so.12: cannot open shared object file: No such file or directory
/bret/scratch/cscs/lfusco/blink//src/microbench-gpu/bin/pp_Baseline: error while loading shared libraries: libmpi_gnu_123.so.12: cannot open shared object file: No such file or directory
srun: error: nid001340: tasks 0-1: Exited with exit code 127
srun: Terminating StepId=51805.9

  Data collection took 1e-05s.
  Convergence check took 0.0s.
Completed maximum number of runs, terminated after 10 runs taking 3.44 seconds.
Traceback (most recent call last):
  File "/bret/scratch/cscs/lfusco/blink/runner.py", line 595, in <module>
    main()
  File "/bret/scratch/cscs/lfusco/blink/runner.py", line 580, in main
    log_data(out_format, data_directory+'/data', data_container_list)
  File "/bret/scratch/cscs/lfusco/blink/runner.py", line 184, in log_data
    dataframe.columns = columns
    ^^^^^^^^^^^^^^^^^
  File "/users/lfusco/.local/lib/python3.11/site-packages/pandas/core/generic.py", line 6310, in __setattr__
    return object.__setattr__(self, name, value)
           ^^^^^^^^^^^^^^^^^^^^^^^^^^^^^^^^^^^^^
  File "properties.pyx", line 69, in pandas._libs.properties.AxisProperty.__set__
  File "/users/lfusco/.local/lib/python3.11/site-packages/pandas/core/generic.py", line 813, in _set_axis
    self._mgr.set_axis(axis, labels)
  File "/users/lfusco/.local/lib/python3.11/site-packages/pandas/core/internals/managers.py", line 238, in set_axis
    self._validate_set_axis(axis, new_labels)
  File "/users/lfusco/.local/lib/python3.11/site-packages/pandas/core/internals/base.py", line 98, in _validate_set_axis
    raise ValueError(
ValueError: Length mismatch: Expected axis has 0 elements, new values have 2 elements
+ for schedule in ./apps_mix/gpubench/pp-baseline/1B ./apps_mix/gpubench/pp-baseline/4B ./apps_mix/gpubench/pp-baseline/8B ./apps_mix/gpubench/pp-baseline/64B ./apps_mix/gpubench/pp-baseline/512B ./apps_mix/gpubench/pp-baseline/4KiB ./apps_mix/gpubench/pp-baseline/32KiB ./apps_mix/gpubench/pp-baseline/256KiB ./apps_mix/gpubench/pp-baseline/2MiB ./apps_mix/gpubench/pp-baseline/16MiB ./apps_mix/gpubench/pp-baseline/128MiB ./apps_mix/gpubench/pp-baseline/1GiB
+ for nam in l
+ for split in 100
+ python3 runner.py ./apps_mix/gpubench/pp-baseline/4B auto -am l -as 100 -n 1 -mn 1 -mx 10 -t 600 -a 0.05 -b 0.05 -of csv -ro +file -p 2

Passed arguments:
Namespace(app_mix='./apps_mix/gpubench/pp-baseline/4B', node_file='auto', numnodes=1, allocationmode='l', allocationsplit='100', minruns=1, maxruns=10, timeout=600.0, alpha=0.05, beta=0.05, ppn=2, convergeall=False, outformat='csv', runtimeout='+file', seed=1, datapath='./data', extrainfo=None, replace_mix_args=None)

Apps:
0: with arguments:"-l 100 -x 2", collection flag: True, ending condition: run until finished.
Split list: [100.0]
Splits: [1]

Node allocation:
Processes per node (ppn): 2
0 on 1 nodes:
['nid001340']

Schedule:
0.0s: start 0

Preparing took 0.02269s.

Running...
 Run 1:
  0.00319s: started 0
  0.40657s: awaited 0
  0.40659s: encountered an exception in 0
/bret/scratch/cscs/lfusco/blink//src/microbench-gpu/bin/pp_Baseline: error while loading shared libraries: libmpi_gnu_123.so.12: cannot open shared object file: No such file or directory
/bret/scratch/cscs/lfusco/blink//src/microbench-gpu/bin/pp_Baseline: error while loading shared libraries: libmpi_gnu_123.so.12: cannot open shared object file: No such file or directory
srun: error: nid001340: tasks 0-1: Exited with exit code 127
srun: Terminating StepId=51805.10

  Data collection took 1e-05s.
  Convergence check took 0.0s.
 Run 2:
  0.00322s: started 0
  0.26271s: awaited 0
  0.26272s: encountered an exception in 0
/bret/scratch/cscs/lfusco/blink//src/microbench-gpu/bin/pp_Baseline: error while loading shared libraries: libmpi_gnu_123.so.12: cannot open shared object file: No such file or directory
/bret/scratch/cscs/lfusco/blink//src/microbench-gpu/bin/pp_Baseline: error while loading shared libraries: libmpi_gnu_123.so.12: cannot open shared object file: No such file or directory
srun: error: nid001340: tasks 0-1: Exited with exit code 127
srun: Terminating StepId=51805.11

  Data collection took 1e-05s.
  Convergence check took 1e-05s.
 Run 3:
  0.00347s: started 0
  0.81419s: awaited 0
  0.8142s: encountered an exception in 0
/bret/scratch/cscs/lfusco/blink//src/microbench-gpu/bin/pp_Baseline: error while loading shared libraries: libmpi_gnu_123.so.12: cannot open shared object file: No such file or directory
/bret/scratch/cscs/lfusco/blink//src/microbench-gpu/bin/pp_Baseline: error while loading shared libraries: libmpi_gnu_123.so.12: cannot open shared object file: No such file or directory
srun: error: nid001340: tasks 0-1: Exited with exit code 127
srun: Terminating StepId=51805.12

  Data collection took 1e-05s.
  Convergence check took 0.0s.
 Run 4:
  0.00354s: started 0
  0.60957s: awaited 0
  0.60958s: encountered an exception in 0
/bret/scratch/cscs/lfusco/blink//src/microbench-gpu/bin/pp_Baseline: error while loading shared libraries: libmpi_gnu_123.so.12: cannot open shared object file: No such file or directory
/bret/scratch/cscs/lfusco/blink//src/microbench-gpu/bin/pp_Baseline: error while loading shared libraries: libmpi_gnu_123.so.12: cannot open shared object file: No such file or directory
srun: error: nid001340: tasks 0-1: Exited with exit code 127
srun: Terminating StepId=51805.13

  Data collection took 1e-05s.
  Convergence check took 0.0s.
 Run 5:
  0.00325s: started 0
  0.2782s: awaited 0
  0.27822s: encountered an exception in 0
/bret/scratch/cscs/lfusco/blink//src/microbench-gpu/bin/pp_Baseline: error while loading shared libraries: libmpi_gnu_123.so.12: cannot open shared object file: No such file or directory
/bret/scratch/cscs/lfusco/blink//src/microbench-gpu/bin/pp_Baseline: error while loading shared libraries: libmpi_gnu_123.so.12: cannot open shared object file: No such file or directory
srun: error: nid001340: tasks 0-1: Exited with exit code 127
srun: Terminating StepId=51805.14

  Data collection took 1e-05s.
  Convergence check took 0.0s.
 Run 6:
  0.00318s: started 0
  0.27238s: awaited 0
  0.27239s: encountered an exception in 0
/bret/scratch/cscs/lfusco/blink//src/microbench-gpu/bin/pp_Baseline: error while loading shared libraries: libmpi_gnu_123.so.12: cannot open shared object file: No such file or directory
/bret/scratch/cscs/lfusco/blink//src/microbench-gpu/bin/pp_Baseline: error while loading shared libraries: libmpi_gnu_123.so.12: cannot open shared object file: No such file or directory
srun: error: nid001340: tasks 0-1: Exited with exit code 127
srun: Terminating StepId=51805.15

  Data collection took 1e-05s.
  Convergence check took 0.0s.
 Run 7:
  0.00352s: started 0
  0.26744s: awaited 0
  0.26746s: encountered an exception in 0
/bret/scratch/cscs/lfusco/blink//src/microbench-gpu/bin/pp_Baseline: error while loading shared libraries: libmpi_gnu_123.so.12: cannot open shared object file: No such file or directory
/bret/scratch/cscs/lfusco/blink//src/microbench-gpu/bin/pp_Baseline: error while loading shared libraries: libmpi_gnu_123.so.12: cannot open shared object file: No such file or directory
srun: error: nid001340: tasks 0-1: Exited with exit code 127
srun: Terminating StepId=51805.16

  Data collection took 1e-05s.
  Convergence check took 0.0s.
 Run 8:
  0.00322s: started 0
  0.26024s: awaited 0
  0.26025s: encountered an exception in 0
/bret/scratch/cscs/lfusco/blink//src/microbench-gpu/bin/pp_Baseline: error while loading shared libraries: libmpi_gnu_123.so.12: cannot open shared object file: No such file or directory
/bret/scratch/cscs/lfusco/blink//src/microbench-gpu/bin/pp_Baseline: error while loading shared libraries: libmpi_gnu_123.so.12: cannot open shared object file: No such file or directory
srun: error: nid001340: tasks 0-1: Exited with exit code 127
srun: Terminating StepId=51805.17

  Data collection took 1e-05s.
  Convergence check took 0.0s.
 Run 9:
  0.00314s: started 0
  0.38665s: awaited 0
  0.38666s: encountered an exception in 0
/bret/scratch/cscs/lfusco/blink//src/microbench-gpu/bin/pp_Baseline: error while loading shared libraries: libmpi_gnu_123.so.12: cannot open shared object file: No such file or directory
/bret/scratch/cscs/lfusco/blink//src/microbench-gpu/bin/pp_Baseline: error while loading shared libraries: libmpi_gnu_123.so.12: cannot open shared object file: No such file or directory
srun: error: nid001340: tasks 0-1: Exited with exit code 127
srun: Terminating StepId=51805.18

  Data collection took 1e-05s.
  Convergence check took 0.0s.
 Run 10:
  0.00315s: started 0
  0.40513s: awaited 0
  0.40514s: encountered an exception in 0
/bret/scratch/cscs/lfusco/blink//src/microbench-gpu/bin/pp_Baseline: error while loading shared libraries: libmpi_gnu_123.so.12: cannot open shared object file: No such file or directory
/bret/scratch/cscs/lfusco/blink//src/microbench-gpu/bin/pp_Baseline: error while loading shared libraries: libmpi_gnu_123.so.12: cannot open shared object file: No such file or directory
srun: error: nid001340: tasks 0-1: Exited with exit code 127
srun: Terminating StepId=51805.19

  Data collection took 1e-05s.
  Convergence check took 0.0s.
Completed maximum number of runs, terminated after 10 runs taking 3.96 seconds.
Traceback (most recent call last):
  File "/bret/scratch/cscs/lfusco/blink/runner.py", line 595, in <module>
    main()
  File "/bret/scratch/cscs/lfusco/blink/runner.py", line 580, in main
    log_data(out_format, data_directory+'/data', data_container_list)
  File "/bret/scratch/cscs/lfusco/blink/runner.py", line 184, in log_data
    dataframe.columns = columns
    ^^^^^^^^^^^^^^^^^
  File "/users/lfusco/.local/lib/python3.11/site-packages/pandas/core/generic.py", line 6310, in __setattr__
    return object.__setattr__(self, name, value)
           ^^^^^^^^^^^^^^^^^^^^^^^^^^^^^^^^^^^^^
  File "properties.pyx", line 69, in pandas._libs.properties.AxisProperty.__set__
  File "/users/lfusco/.local/lib/python3.11/site-packages/pandas/core/generic.py", line 813, in _set_axis
    self._mgr.set_axis(axis, labels)
  File "/users/lfusco/.local/lib/python3.11/site-packages/pandas/core/internals/managers.py", line 238, in set_axis
    self._validate_set_axis(axis, new_labels)
  File "/users/lfusco/.local/lib/python3.11/site-packages/pandas/core/internals/base.py", line 98, in _validate_set_axis
    raise ValueError(
ValueError: Length mismatch: Expected axis has 0 elements, new values have 2 elements
+ for schedule in ./apps_mix/gpubench/pp-baseline/1B ./apps_mix/gpubench/pp-baseline/4B ./apps_mix/gpubench/pp-baseline/8B ./apps_mix/gpubench/pp-baseline/64B ./apps_mix/gpubench/pp-baseline/512B ./apps_mix/gpubench/pp-baseline/4KiB ./apps_mix/gpubench/pp-baseline/32KiB ./apps_mix/gpubench/pp-baseline/256KiB ./apps_mix/gpubench/pp-baseline/2MiB ./apps_mix/gpubench/pp-baseline/16MiB ./apps_mix/gpubench/pp-baseline/128MiB ./apps_mix/gpubench/pp-baseline/1GiB
+ for nam in l
+ for split in 100
+ python3 runner.py ./apps_mix/gpubench/pp-baseline/8B auto -am l -as 100 -n 1 -mn 1 -mx 10 -t 600 -a 0.05 -b 0.05 -of csv -ro +file -p 2

Passed arguments:
Namespace(app_mix='./apps_mix/gpubench/pp-baseline/8B', node_file='auto', numnodes=1, allocationmode='l', allocationsplit='100', minruns=1, maxruns=10, timeout=600.0, alpha=0.05, beta=0.05, ppn=2, convergeall=False, outformat='csv', runtimeout='+file', seed=1, datapath='./data', extrainfo=None, replace_mix_args=None)

Apps:
0: with arguments:"-l 100 -x 3", collection flag: True, ending condition: run until finished.
Split list: [100.0]
Splits: [1]

Node allocation:
Processes per node (ppn): 2
0 on 1 nodes:
['nid001340']

Schedule:
0.0s: start 0

Preparing took 0.02363s.

Running...
 Run 1:
  0.00356s: started 0
  0.57807s: awaited 0
  0.57809s: encountered an exception in 0
/bret/scratch/cscs/lfusco/blink//src/microbench-gpu/bin/pp_Baseline: error while loading shared libraries: libmpi_gnu_123.so.12: cannot open shared object file: No such file or directory
/bret/scratch/cscs/lfusco/blink//src/microbench-gpu/bin/pp_Baseline: error while loading shared libraries: libmpi_gnu_123.so.12: cannot open shared object file: No such file or directory
srun: error: nid001340: tasks 0-1: Exited with exit code 127
srun: Terminating StepId=51805.20

  Data collection took 1e-05s.
  Convergence check took 0.0s.
 Run 2:
  0.00318s: started 0
  0.40537s: awaited 0
  0.40539s: encountered an exception in 0
/bret/scratch/cscs/lfusco/blink//src/microbench-gpu/bin/pp_Baseline: error while loading shared libraries: libmpi_gnu_123.so.12: cannot open shared object file: No such file or directory
/bret/scratch/cscs/lfusco/blink//src/microbench-gpu/bin/pp_Baseline: error while loading shared libraries: libmpi_gnu_123.so.12: cannot open shared object file: No such file or directory
srun: error: nid001340: tasks 0-1: Exited with exit code 127
srun: Terminating StepId=51805.21

  Data collection took 1e-05s.
  Convergence check took 1e-05s.
 Run 3:
  0.0036s: started 0
  0.31225s: awaited 0
  0.31226s: encountered an exception in 0
/bret/scratch/cscs/lfusco/blink//src/microbench-gpu/bin/pp_Baseline: error while loading shared libraries: libmpi_gnu_123.so.12: cannot open shared object file: No such file or directory
/bret/scratch/cscs/lfusco/blink//src/microbench-gpu/bin/pp_Baseline: error while loading shared libraries: libmpi_gnu_123.so.12: cannot open shared object file: No such file or directory
srun: error: nid001340: tasks 0-1: Exited with exit code 127
srun: Terminating StepId=51805.22

  Data collection took 1e-05s.
  Convergence check took 0.0s.
 Run 4:
  0.0035s: started 0
  0.30456s: awaited 0
  0.30457s: encountered an exception in 0
/bret/scratch/cscs/lfusco/blink//src/microbench-gpu/bin/pp_Baseline: error while loading shared libraries: libmpi_gnu_123.so.12: cannot open shared object file: No such file or directory
/bret/scratch/cscs/lfusco/blink//src/microbench-gpu/bin/pp_Baseline: error while loading shared libraries: libmpi_gnu_123.so.12: cannot open shared object file: No such file or directory
srun: error: nid001340: tasks 0-1: Exited with exit code 127
srun: Terminating StepId=51805.23

  Data collection took 1e-05s.
  Convergence check took 0.0s.
 Run 5:
  0.00344s: started 0
  0.45032s: awaited 0
  0.45033s: encountered an exception in 0
/bret/scratch/cscs/lfusco/blink//src/microbench-gpu/bin/pp_Baseline: error while loading shared libraries: libmpi_gnu_123.so.12: cannot open shared object file: No such file or directory
/bret/scratch/cscs/lfusco/blink//src/microbench-gpu/bin/pp_Baseline: error while loading shared libraries: libmpi_gnu_123.so.12: cannot open shared object file: No such file or directory
srun: error: nid001340: tasks 0-1: Exited with exit code 127
srun: Terminating StepId=51805.24

  Data collection took 1e-05s.
  Convergence check took 0.0s.
 Run 6:
  0.0035s: started 0
  0.38579s: awaited 0
  0.3858s: encountered an exception in 0
/bret/scratch/cscs/lfusco/blink//src/microbench-gpu/bin/pp_Baseline: error while loading shared libraries: libmpi_gnu_123.so.12: cannot open shared object file: No such file or directory
/bret/scratch/cscs/lfusco/blink//src/microbench-gpu/bin/pp_Baseline: error while loading shared libraries: libmpi_gnu_123.so.12: cannot open shared object file: No such file or directory
srun: error: nid001340: tasks 0-1: Exited with exit code 127
srun: Terminating StepId=51805.25

  Data collection took 1e-05s.
  Convergence check took 0.0s.
 Run 7:
  0.00312s: started 0
  0.89831s: awaited 0
  0.89833s: encountered an exception in 0
/bret/scratch/cscs/lfusco/blink//src/microbench-gpu/bin/pp_Baseline: error while loading shared libraries: libmpi_gnu_123.so.12: cannot open shared object file: No such file or directory
/bret/scratch/cscs/lfusco/blink//src/microbench-gpu/bin/pp_Baseline: error while loading shared libraries: libmpi_gnu_123.so.12: cannot open shared object file: No such file or directory
srun: error: nid001340: tasks 0-1: Exited with exit code 127
srun: Terminating StepId=51805.26

  Data collection took 1e-05s.
  Convergence check took 0.0s.
 Run 8:
  0.00314s: started 0
  0.37936s: awaited 0
  0.37938s: encountered an exception in 0
/bret/scratch/cscs/lfusco/blink//src/microbench-gpu/bin/pp_Baseline: error while loading shared libraries: libmpi_gnu_123.so.12: cannot open shared object file: No such file or directory
/bret/scratch/cscs/lfusco/blink//src/microbench-gpu/bin/pp_Baseline: error while loading shared libraries: libmpi_gnu_123.so.12: cannot open shared object file: No such file or directory
srun: error: nid001340: tasks 0-1: Exited with exit code 127
srun: Terminating StepId=51805.27

  Data collection took 1e-05s.
  Convergence check took 0.0s.
 Run 9:
  0.00359s: started 0
  0.26676s: awaited 0
  0.26677s: encountered an exception in 0
/bret/scratch/cscs/lfusco/blink//src/microbench-gpu/bin/pp_Baseline: error while loading shared libraries: libmpi_gnu_123.so.12: cannot open shared object file: No such file or directory
/bret/scratch/cscs/lfusco/blink//src/microbench-gpu/bin/pp_Baseline: error while loading shared libraries: libmpi_gnu_123.so.12: cannot open shared object file: No such file or directory
srun: error: nid001340: tasks 0-1: Exited with exit code 127
srun: Terminating StepId=51805.28

  Data collection took 1e-05s.
  Convergence check took 0.0s.
 Run 10:
  0.00344s: started 0
  0.26004s: awaited 0
  0.26006s: encountered an exception in 0
/bret/scratch/cscs/lfusco/blink//src/microbench-gpu/bin/pp_Baseline: error while loading shared libraries: libmpi_gnu_123.so.12: cannot open shared object file: No such file or directory
/bret/scratch/cscs/lfusco/blink//src/microbench-gpu/bin/pp_Baseline: error while loading shared libraries: libmpi_gnu_123.so.12: cannot open shared object file: No such file or directory
srun: error: nid001340: tasks 0-1: Exited with exit code 127
srun: Terminating StepId=51805.29

  Data collection took 1e-05s.
  Convergence check took 0.0s.
Completed maximum number of runs, terminated after 10 runs taking 4.24 seconds.
Traceback (most recent call last):
  File "/bret/scratch/cscs/lfusco/blink/runner.py", line 595, in <module>
    main()
  File "/bret/scratch/cscs/lfusco/blink/runner.py", line 580, in main
    log_data(out_format, data_directory+'/data', data_container_list)
  File "/bret/scratch/cscs/lfusco/blink/runner.py", line 184, in log_data
    dataframe.columns = columns
    ^^^^^^^^^^^^^^^^^
  File "/users/lfusco/.local/lib/python3.11/site-packages/pandas/core/generic.py", line 6310, in __setattr__
    return object.__setattr__(self, name, value)
           ^^^^^^^^^^^^^^^^^^^^^^^^^^^^^^^^^^^^^
  File "properties.pyx", line 69, in pandas._libs.properties.AxisProperty.__set__
  File "/users/lfusco/.local/lib/python3.11/site-packages/pandas/core/generic.py", line 813, in _set_axis
    self._mgr.set_axis(axis, labels)
  File "/users/lfusco/.local/lib/python3.11/site-packages/pandas/core/internals/managers.py", line 238, in set_axis
    self._validate_set_axis(axis, new_labels)
  File "/users/lfusco/.local/lib/python3.11/site-packages/pandas/core/internals/base.py", line 98, in _validate_set_axis
    raise ValueError(
ValueError: Length mismatch: Expected axis has 0 elements, new values have 2 elements
+ for schedule in ./apps_mix/gpubench/pp-baseline/1B ./apps_mix/gpubench/pp-baseline/4B ./apps_mix/gpubench/pp-baseline/8B ./apps_mix/gpubench/pp-baseline/64B ./apps_mix/gpubench/pp-baseline/512B ./apps_mix/gpubench/pp-baseline/4KiB ./apps_mix/gpubench/pp-baseline/32KiB ./apps_mix/gpubench/pp-baseline/256KiB ./apps_mix/gpubench/pp-baseline/2MiB ./apps_mix/gpubench/pp-baseline/16MiB ./apps_mix/gpubench/pp-baseline/128MiB ./apps_mix/gpubench/pp-baseline/1GiB
+ for nam in l
+ for split in 100
+ python3 runner.py ./apps_mix/gpubench/pp-baseline/64B auto -am l -as 100 -n 1 -mn 1 -mx 10 -t 600 -a 0.05 -b 0.05 -of csv -ro +file -p 2

Passed arguments:
Namespace(app_mix='./apps_mix/gpubench/pp-baseline/64B', node_file='auto', numnodes=1, allocationmode='l', allocationsplit='100', minruns=1, maxruns=10, timeout=600.0, alpha=0.05, beta=0.05, ppn=2, convergeall=False, outformat='csv', runtimeout='+file', seed=1, datapath='./data', extrainfo=None, replace_mix_args=None)

Apps:
0: with arguments:"-l 100 -x 6", collection flag: True, ending condition: run until finished.
Split list: [100.0]
Splits: [1]

Node allocation:
Processes per node (ppn): 2
0 on 1 nodes:
['nid001340']

Schedule:
0.0s: start 0

Preparing took 0.02297s.

Running...
 Run 1:
  0.00359s: started 0
  0.40833s: awaited 0
  0.40834s: encountered an exception in 0
/bret/scratch/cscs/lfusco/blink//src/microbench-gpu/bin/pp_Baseline: error while loading shared libraries: libmpi_gnu_123.so.12: cannot open shared object file: No such file or directory
/bret/scratch/cscs/lfusco/blink//src/microbench-gpu/bin/pp_Baseline: error while loading shared libraries: libmpi_gnu_123.so.12: cannot open shared object file: No such file or directory
srun: error: nid001340: tasks 0-1: Exited with exit code 127
srun: Terminating StepId=51805.30

  Data collection took 1e-05s.
  Convergence check took 0.0s.
 Run 2:
  0.00334s: started 0
  0.2658s: awaited 0
  0.26581s: encountered an exception in 0
/bret/scratch/cscs/lfusco/blink//src/microbench-gpu/bin/pp_Baseline: error while loading shared libraries: libmpi_gnu_123.so.12: cannot open shared object file: No such file or directory
/bret/scratch/cscs/lfusco/blink//src/microbench-gpu/bin/pp_Baseline: error while loading shared libraries: libmpi_gnu_123.so.12: cannot open shared object file: No such file or directory
srun: error: nid001340: tasks 0-1: Exited with exit code 127
srun: Terminating StepId=51805.31

  Data collection took 1e-05s.
  Convergence check took 0.0s.
 Run 3:
  0.00315s: started 0
  0.26044s: awaited 0
  0.26045s: encountered an exception in 0
/bret/scratch/cscs/lfusco/blink//src/microbench-gpu/bin/pp_Baseline: error while loading shared libraries: libmpi_gnu_123.so.12: cannot open shared object file: No such file or directory
/bret/scratch/cscs/lfusco/blink//src/microbench-gpu/bin/pp_Baseline: error while loading shared libraries: libmpi_gnu_123.so.12: cannot open shared object file: No such file or directory
srun: error: nid001340: tasks 0-1: Exited with exit code 127
srun: Terminating StepId=51805.32

  Data collection took 1e-05s.
  Convergence check took 0.0s.
 Run 4:
  0.00366s: started 0
  0.26241s: awaited 0
  0.26242s: encountered an exception in 0
/bret/scratch/cscs/lfusco/blink//src/microbench-gpu/bin/pp_Baseline: error while loading shared libraries: libmpi_gnu_123.so.12: cannot open shared object file: No such file or directory
/bret/scratch/cscs/lfusco/blink//src/microbench-gpu/bin/pp_Baseline: error while loading shared libraries: libmpi_gnu_123.so.12: cannot open shared object file: No such file or directory
srun: error: nid001340: tasks 0-1: Exited with exit code 127
srun: Terminating StepId=51805.33

  Data collection took 1e-05s.
  Convergence check took 0.0s.
 Run 5:
  0.00348s: started 0
  0.4057s: awaited 0
  0.4057s: encountered an exception in 0
/bret/scratch/cscs/lfusco/blink//src/microbench-gpu/bin/pp_Baseline: error while loading shared libraries: libmpi_gnu_123.so.12: cannot open shared object file: No such file or directory
/bret/scratch/cscs/lfusco/blink//src/microbench-gpu/bin/pp_Baseline: error while loading shared libraries: libmpi_gnu_123.so.12: cannot open shared object file: No such file or directory
srun: error: nid001340: tasks 0-1: Exited with exit code 127
srun: Terminating StepId=51805.34

  Data collection took 0.0s.
  Convergence check took 0.0s.
 Run 6:
  0.00353s: started 0
  0.39911s: awaited 0
  0.39912s: encountered an exception in 0
/bret/scratch/cscs/lfusco/blink//src/microbench-gpu/bin/pp_Baseline: error while loading shared libraries: libmpi_gnu_123.so.12: cannot open shared object file: No such file or directory
/bret/scratch/cscs/lfusco/blink//src/microbench-gpu/bin/pp_Baseline: error while loading shared libraries: libmpi_gnu_123.so.12: cannot open shared object file: No such file or directory
srun: error: nid001340: tasks 0-1: Exited with exit code 127
srun: Terminating StepId=51805.35

  Data collection took 1e-05s.
  Convergence check took 0.0s.
 Run 7:
  0.00346s: started 0
  0.2622s: awaited 0
  0.2622s: encountered an exception in 0
/bret/scratch/cscs/lfusco/blink//src/microbench-gpu/bin/pp_Baseline: error while loading shared libraries: libmpi_gnu_123.so.12: cannot open shared object file: No such file or directory
/bret/scratch/cscs/lfusco/blink//src/microbench-gpu/bin/pp_Baseline: error while loading shared libraries: libmpi_gnu_123.so.12: cannot open shared object file: No such file or directory
srun: error: nid001340: tasks 0-1: Exited with exit code 127
srun: Terminating StepId=51805.36

  Data collection took 1e-05s.
  Convergence check took 0.0s.
 Run 8:
  0.00308s: started 0
  0.54128s: awaited 0
  0.54129s: encountered an exception in 0
/bret/scratch/cscs/lfusco/blink//src/microbench-gpu/bin/pp_Baseline: error while loading shared libraries: libmpi_gnu_123.so.12: cannot open shared object file: No such file or directory
/bret/scratch/cscs/lfusco/blink//src/microbench-gpu/bin/pp_Baseline: error while loading shared libraries: libmpi_gnu_123.so.12: cannot open shared object file: No such file or directory
srun: error: nid001340: tasks 0-1: Exited with exit code 127
srun: Terminating StepId=51805.37

  Data collection took 1e-05s.
  Convergence check took 0.0s.
 Run 9:
  0.00346s: started 0
  0.40672s: awaited 0
  0.40673s: encountered an exception in 0
/bret/scratch/cscs/lfusco/blink//src/microbench-gpu/bin/pp_Baseline: error while loading shared libraries: libmpi_gnu_123.so.12: cannot open shared object file: No such file or directory
/bret/scratch/cscs/lfusco/blink//src/microbench-gpu/bin/pp_Baseline: error while loading shared libraries: libmpi_gnu_123.so.12: cannot open shared object file: No such file or directory
srun: error: nid001340: tasks 0-1: Exited with exit code 127
srun: Terminating StepId=51805.38

  Data collection took 0.0s.
  Convergence check took 0.0s.
 Run 10:
  0.00349s: started 0
  0.4603s: awaited 0
  0.46031s: encountered an exception in 0
/bret/scratch/cscs/lfusco/blink//src/microbench-gpu/bin/pp_Baseline: error while loading shared libraries: libmpi_gnu_123.so.12: cannot open shared object file: No such file or directory
/bret/scratch/cscs/lfusco/blink//src/microbench-gpu/bin/pp_Baseline: error while loading shared libraries: libmpi_gnu_123.so.12: cannot open shared object file: No such file or directory
srun: error: nid001340: tasks 0-1: Exited with exit code 127
srun: Terminating StepId=51805.39

  Data collection took 1e-05s.
  Convergence check took 0.0s.
Completed maximum number of runs, terminated after 10 runs taking 3.67 seconds.
Traceback (most recent call last):
  File "/bret/scratch/cscs/lfusco/blink/runner.py", line 595, in <module>
    main()
  File "/bret/scratch/cscs/lfusco/blink/runner.py", line 580, in main
    log_data(out_format, data_directory+'/data', data_container_list)
  File "/bret/scratch/cscs/lfusco/blink/runner.py", line 184, in log_data
    dataframe.columns = columns
    ^^^^^^^^^^^^^^^^^
  File "/users/lfusco/.local/lib/python3.11/site-packages/pandas/core/generic.py", line 6310, in __setattr__
    return object.__setattr__(self, name, value)
           ^^^^^^^^^^^^^^^^^^^^^^^^^^^^^^^^^^^^^
  File "properties.pyx", line 69, in pandas._libs.properties.AxisProperty.__set__
  File "/users/lfusco/.local/lib/python3.11/site-packages/pandas/core/generic.py", line 813, in _set_axis
    self._mgr.set_axis(axis, labels)
  File "/users/lfusco/.local/lib/python3.11/site-packages/pandas/core/internals/managers.py", line 238, in set_axis
    self._validate_set_axis(axis, new_labels)
  File "/users/lfusco/.local/lib/python3.11/site-packages/pandas/core/internals/base.py", line 98, in _validate_set_axis
    raise ValueError(
ValueError: Length mismatch: Expected axis has 0 elements, new values have 2 elements
+ for schedule in ./apps_mix/gpubench/pp-baseline/1B ./apps_mix/gpubench/pp-baseline/4B ./apps_mix/gpubench/pp-baseline/8B ./apps_mix/gpubench/pp-baseline/64B ./apps_mix/gpubench/pp-baseline/512B ./apps_mix/gpubench/pp-baseline/4KiB ./apps_mix/gpubench/pp-baseline/32KiB ./apps_mix/gpubench/pp-baseline/256KiB ./apps_mix/gpubench/pp-baseline/2MiB ./apps_mix/gpubench/pp-baseline/16MiB ./apps_mix/gpubench/pp-baseline/128MiB ./apps_mix/gpubench/pp-baseline/1GiB
+ for nam in l
+ for split in 100
+ python3 runner.py ./apps_mix/gpubench/pp-baseline/512B auto -am l -as 100 -n 1 -mn 1 -mx 10 -t 600 -a 0.05 -b 0.05 -of csv -ro +file -p 2

Passed arguments:
Namespace(app_mix='./apps_mix/gpubench/pp-baseline/512B', node_file='auto', numnodes=1, allocationmode='l', allocationsplit='100', minruns=1, maxruns=10, timeout=600.0, alpha=0.05, beta=0.05, ppn=2, convergeall=False, outformat='csv', runtimeout='+file', seed=1, datapath='./data', extrainfo=None, replace_mix_args=None)

Apps:
0: with arguments:"-l 100 -x 9", collection flag: True, ending condition: run until finished.
Split list: [100.0]
Splits: [1]

Node allocation:
Processes per node (ppn): 2
0 on 1 nodes:
['nid001340']

Schedule:
0.0s: start 0

Preparing took 0.0229s.

Running...
 Run 1:
  0.00314s: started 0
  0.49998s: awaited 0
  0.5s: encountered an exception in 0
/bret/scratch/cscs/lfusco/blink//src/microbench-gpu/bin/pp_Baseline: error while loading shared libraries: libmpi_gnu_123.so.12: cannot open shared object file: No such file or directory
/bret/scratch/cscs/lfusco/blink//src/microbench-gpu/bin/pp_Baseline: error while loading shared libraries: libmpi_gnu_123.so.12: cannot open shared object file: No such file or directory
srun: error: nid001340: tasks 0-1: Exited with exit code 127
srun: Terminating StepId=51805.40

  Data collection took 1e-05s.
  Convergence check took 0.0s.
 Run 2:
  0.00326s: started 0
  0.52717s: awaited 0
  0.52719s: encountered an exception in 0
/bret/scratch/cscs/lfusco/blink//src/microbench-gpu/bin/pp_Baseline: error while loading shared libraries: libmpi_gnu_123.so.12: cannot open shared object file: No such file or directory
/bret/scratch/cscs/lfusco/blink//src/microbench-gpu/bin/pp_Baseline: error while loading shared libraries: libmpi_gnu_123.so.12: cannot open shared object file: No such file or directory
srun: error: nid001340: tasks 0-1: Exited with exit code 127
srun: Terminating StepId=51805.41

  Data collection took 1e-05s.
  Convergence check took 1e-05s.
 Run 3:
  0.00313s: started 0
  0.26326s: awaited 0
  0.26328s: encountered an exception in 0
/bret/scratch/cscs/lfusco/blink//src/microbench-gpu/bin/pp_Baseline: error while loading shared libraries: libmpi_gnu_123.so.12: cannot open shared object file: No such file or directory
/bret/scratch/cscs/lfusco/blink//src/microbench-gpu/bin/pp_Baseline: error while loading shared libraries: libmpi_gnu_123.so.12: cannot open shared object file: No such file or directory
srun: error: nid001340: tasks 0-1: Exited with exit code 127
srun: Terminating StepId=51805.42

  Data collection took 1e-05s.
  Convergence check took 0.0s.
 Run 4:
  0.00374s: started 0
  0.2687s: awaited 0
  0.26871s: encountered an exception in 0
/bret/scratch/cscs/lfusco/blink//src/microbench-gpu/bin/pp_Baseline: error while loading shared libraries: libmpi_gnu_123.so.12: cannot open shared object file: No such file or directory
/bret/scratch/cscs/lfusco/blink//src/microbench-gpu/bin/pp_Baseline: error while loading shared libraries: libmpi_gnu_123.so.12: cannot open shared object file: No such file or directory
srun: error: nid001340: tasks 0-1: Exited with exit code 127
srun: Terminating StepId=51805.43

  Data collection took 1e-05s.
  Convergence check took 0.0s.
 Run 5:
  0.00349s: started 0
  0.26313s: awaited 0
  0.26314s: encountered an exception in 0
/bret/scratch/cscs/lfusco/blink//src/microbench-gpu/bin/pp_Baseline: error while loading shared libraries: libmpi_gnu_123.so.12: cannot open shared object file: No such file or directory
/bret/scratch/cscs/lfusco/blink//src/microbench-gpu/bin/pp_Baseline: error while loading shared libraries: libmpi_gnu_123.so.12: cannot open shared object file: No such file or directory
srun: error: nid001340: tasks 0-1: Exited with exit code 127
srun: Terminating StepId=51805.44

  Data collection took 1e-05s.
  Convergence check took 0.0s.
 Run 6:
  0.00348s: started 0
  0.39737s: awaited 0
  0.39738s: encountered an exception in 0
/bret/scratch/cscs/lfusco/blink//src/microbench-gpu/bin/pp_Baseline: error while loading shared libraries: libmpi_gnu_123.so.12: cannot open shared object file: No such file or directory
/bret/scratch/cscs/lfusco/blink//src/microbench-gpu/bin/pp_Baseline: error while loading shared libraries: libmpi_gnu_123.so.12: cannot open shared object file: No such file or directory
srun: error: nid001340: tasks 0-1: Exited with exit code 127
srun: Terminating StepId=51805.45

  Data collection took 1e-05s.
  Convergence check took 0.0s.
 Run 7:
  0.00359s: started 0
  0.31063s: awaited 0
  0.31064s: encountered an exception in 0
/bret/scratch/cscs/lfusco/blink//src/microbench-gpu/bin/pp_Baseline: error while loading shared libraries: libmpi_gnu_123.so.12: cannot open shared object file: No such file or directory
/bret/scratch/cscs/lfusco/blink//src/microbench-gpu/bin/pp_Baseline: error while loading shared libraries: libmpi_gnu_123.so.12: cannot open shared object file: No such file or directory
srun: error: nid001340: tasks 0-1: Exited with exit code 127
srun: Terminating StepId=51805.46

  Data collection took 1e-05s.
  Convergence check took 0.0s.
 Run 8:
  0.00356s: started 0
  0.26417s: awaited 0
  0.26418s: encountered an exception in 0
/bret/scratch/cscs/lfusco/blink//src/microbench-gpu/bin/pp_Baseline: error while loading shared libraries: libmpi_gnu_123.so.12: cannot open shared object file: No such file or directory
/bret/scratch/cscs/lfusco/blink//src/microbench-gpu/bin/pp_Baseline: error while loading shared libraries: libmpi_gnu_123.so.12: cannot open shared object file: No such file or directory
srun: error: nid001340: tasks 0-1: Exited with exit code 127
srun: Terminating StepId=51805.47

  Data collection took 1e-05s.
  Convergence check took 0.0s.
 Run 9:
  0.00348s: started 0
  0.27105s: awaited 0
  0.27106s: encountered an exception in 0
/bret/scratch/cscs/lfusco/blink//src/microbench-gpu/bin/pp_Baseline: error while loading shared libraries: libmpi_gnu_123.so.12: cannot open shared object file: No such file or directory
/bret/scratch/cscs/lfusco/blink//src/microbench-gpu/bin/pp_Baseline: error while loading shared libraries: libmpi_gnu_123.so.12: cannot open shared object file: No such file or directory
srun: error: nid001340: tasks 0-1: Exited with exit code 127
srun: Terminating StepId=51805.48

  Data collection took 1e-05s.
  Convergence check took 0.0s.
 Run 10:
  0.00343s: started 0
  0.26108s: awaited 0
  0.26109s: encountered an exception in 0
/bret/scratch/cscs/lfusco/blink//src/microbench-gpu/bin/pp_Baseline: error while loading shared libraries: libmpi_gnu_123.so.12: cannot open shared object file: No such file or directory
/bret/scratch/cscs/lfusco/blink//src/microbench-gpu/bin/pp_Baseline: error while loading shared libraries: libmpi_gnu_123.so.12: cannot open shared object file: No such file or directory
srun: error: nid001340: tasks 0-1: Exited with exit code 127
srun: Terminating StepId=51805.49

  Data collection took 1e-05s.
  Convergence check took 0.0s.
Completed maximum number of runs, terminated after 10 runs taking 3.33 seconds.
Traceback (most recent call last):
  File "/bret/scratch/cscs/lfusco/blink/runner.py", line 595, in <module>
    main()
  File "/bret/scratch/cscs/lfusco/blink/runner.py", line 580, in main
    log_data(out_format, data_directory+'/data', data_container_list)
  File "/bret/scratch/cscs/lfusco/blink/runner.py", line 184, in log_data
    dataframe.columns = columns
    ^^^^^^^^^^^^^^^^^
  File "/users/lfusco/.local/lib/python3.11/site-packages/pandas/core/generic.py", line 6310, in __setattr__
    return object.__setattr__(self, name, value)
           ^^^^^^^^^^^^^^^^^^^^^^^^^^^^^^^^^^^^^
  File "properties.pyx", line 69, in pandas._libs.properties.AxisProperty.__set__
  File "/users/lfusco/.local/lib/python3.11/site-packages/pandas/core/generic.py", line 813, in _set_axis
    self._mgr.set_axis(axis, labels)
  File "/users/lfusco/.local/lib/python3.11/site-packages/pandas/core/internals/managers.py", line 238, in set_axis
    self._validate_set_axis(axis, new_labels)
  File "/users/lfusco/.local/lib/python3.11/site-packages/pandas/core/internals/base.py", line 98, in _validate_set_axis
    raise ValueError(
ValueError: Length mismatch: Expected axis has 0 elements, new values have 2 elements
+ for schedule in ./apps_mix/gpubench/pp-baseline/1B ./apps_mix/gpubench/pp-baseline/4B ./apps_mix/gpubench/pp-baseline/8B ./apps_mix/gpubench/pp-baseline/64B ./apps_mix/gpubench/pp-baseline/512B ./apps_mix/gpubench/pp-baseline/4KiB ./apps_mix/gpubench/pp-baseline/32KiB ./apps_mix/gpubench/pp-baseline/256KiB ./apps_mix/gpubench/pp-baseline/2MiB ./apps_mix/gpubench/pp-baseline/16MiB ./apps_mix/gpubench/pp-baseline/128MiB ./apps_mix/gpubench/pp-baseline/1GiB
+ for nam in l
+ for split in 100
+ python3 runner.py ./apps_mix/gpubench/pp-baseline/4KiB auto -am l -as 100 -n 1 -mn 1 -mx 10 -t 600 -a 0.05 -b 0.05 -of csv -ro +file -p 2
slurmstepd: error: *** JOB 51805 ON nid001340 CANCELLED AT 2024-03-24T19:25:21 ***
