[1;31m[error][0m a uenv is already running
[1;31m[error][0m a view is already loaded: {'path': PosixPath('/user-environment'), 'name': 'default'}
[1;31m[error][0m a uenv is already running
[1;31m[error][0m a view is already loaded: {'path': PosixPath('/user-environment'), 'name': 'default'}
+ for schedule in ./apps_mix/gpubench/a2a-baseline/1B ./apps_mix/gpubench/a2a-baseline/4B ./apps_mix/gpubench/a2a-baseline/8B ./apps_mix/gpubench/a2a-baseline/64B ./apps_mix/gpubench/a2a-baseline/512B ./apps_mix/gpubench/a2a-baseline/4KiB ./apps_mix/gpubench/a2a-baseline/32KiB ./apps_mix/gpubench/a2a-baseline/256KiB ./apps_mix/gpubench/a2a-baseline/2MiB ./apps_mix/gpubench/a2a-baseline/16MiB ./apps_mix/gpubench/a2a-baseline/128MiB ./apps_mix/gpubench/a2a-baseline/1GiB ./apps_mix/gpubench/a2a-nccl/1B ./apps_mix/gpubench/a2a-nccl/4B ./apps_mix/gpubench/a2a-nccl/8B ./apps_mix/gpubench/a2a-nccl/64B ./apps_mix/gpubench/a2a-nccl/512B ./apps_mix/gpubench/a2a-nccl/4KiB ./apps_mix/gpubench/a2a-nccl/32KiB ./apps_mix/gpubench/a2a-nccl/256KiB ./apps_mix/gpubench/a2a-nccl/2MiB ./apps_mix/gpubench/a2a-nccl/16MiB ./apps_mix/gpubench/a2a-nccl/128MiB ./apps_mix/gpubench/a2a-nccl/1GiB ./apps_mix/gpubench/ar-baseline/1B ./apps_mix/gpubench/ar-baseline/4B ./apps_mix/gpubench/ar-baseline/8B ./apps_mix/gpubench/ar-baseline/64B ./apps_mix/gpubench/ar-baseline/512B ./apps_mix/gpubench/ar-baseline/4KiB ./apps_mix/gpubench/ar-baseline/32KiB ./apps_mix/gpubench/ar-baseline/256KiB ./apps_mix/gpubench/ar-baseline/2MiB ./apps_mix/gpubench/ar-baseline/16MiB ./apps_mix/gpubench/ar-baseline/128MiB ./apps_mix/gpubench/ar-baseline/1GiB ./apps_mix/gpubench/ar-nccl/1B ./apps_mix/gpubench/ar-nccl/4B ./apps_mix/gpubench/ar-nccl/8B ./apps_mix/gpubench/ar-nccl/64B ./apps_mix/gpubench/ar-nccl/512B ./apps_mix/gpubench/ar-nccl/4KiB ./apps_mix/gpubench/ar-nccl/32KiB ./apps_mix/gpubench/ar-nccl/256KiB ./apps_mix/gpubench/ar-nccl/2MiB ./apps_mix/gpubench/ar-nccl/16MiB ./apps_mix/gpubench/ar-nccl/128MiB ./apps_mix/gpubench/ar-nccl/1GiB ./apps_mix/gpubench/ar-nccl/8GiB ./apps_mix/gpubench/hlo-baseline/1B ./apps_mix/gpubench/hlo-baseline/4B ./apps_mix/gpubench/hlo-baseline/8B ./apps_mix/gpubench/hlo-baseline/64B ./apps_mix/gpubench/hlo-baseline/512B ./apps_mix/gpubench/hlo-baseline/4KiB ./apps_mix/gpubench/hlo-baseline/32KiB ./apps_mix/gpubench/hlo-baseline/256KiB ./apps_mix/gpubench/hlo-baseline/2MiB ./apps_mix/gpubench/hlo-baseline/16MiB ./apps_mix/gpubench/hlo-baseline/128MiB ./apps_mix/gpubench/hlo-baseline/1GiB ./apps_mix/gpubench/hlo-nccl/1B ./apps_mix/gpubench/hlo-nccl/4B ./apps_mix/gpubench/hlo-nccl/8B ./apps_mix/gpubench/hlo-nccl/64B ./apps_mix/gpubench/hlo-nccl/512B ./apps_mix/gpubench/hlo-nccl/4KiB ./apps_mix/gpubench/hlo-nccl/32KiB ./apps_mix/gpubench/hlo-nccl/256KiB ./apps_mix/gpubench/hlo-nccl/2MiB ./apps_mix/gpubench/hlo-nccl/16MiB ./apps_mix/gpubench/hlo-nccl/128MiB ./apps_mix/gpubench/hlo-nccl/1GiB
+ for nam in l
+ for split in 100
+ python3 runner.py ./apps_mix/gpubench/a2a-baseline/1B auto -am l -as 100 -n 1 -mn 1 -mx 100 -t 600 -a 0.05 -b 0.05 -of csv -ro +file -p 4

Passed arguments:
Namespace(app_mix='./apps_mix/gpubench/a2a-baseline/1B', node_file='auto', numnodes=1, allocationmode='l', allocationsplit='100', minruns=1, maxruns=100, timeout=600.0, alpha=0.05, beta=0.05, ppn=4, convergeall=False, outformat='csv', runtimeout='+file', seed=1, datapath='./data', extrainfo=None, replace_mix_args=None)

Apps:
0: with arguments:"-l 100 -x 0", collection flag: True, ending condition: run until finished.
Split list: [100.0]
Splits: [1]

Node allocation:
Processes per node (ppn): 4
0 on 1 nodes:
['nid002856']

Schedule:
0.0s: start 0

Preparing took 0.15918s.

Running...
 Run 1:
  0.00568s: started 0
  6.57865s: awaited 0
  Data collection took 0.00023s.
  Convergence check took 0.00697s.
 Run 2:
  0.08566s: started 0
  5.55945s: awaited 0
  Data collection took 0.00012s.
  Convergence check took 0.0007s.
Completed after reaching confidence interval, terminated after 2 runs taking 12.15 seconds.
Writing data & meta-data took 0.01424s.
Overall took 12.32002s.
+ for schedule in ./apps_mix/gpubench/a2a-baseline/1B ./apps_mix/gpubench/a2a-baseline/4B ./apps_mix/gpubench/a2a-baseline/8B ./apps_mix/gpubench/a2a-baseline/64B ./apps_mix/gpubench/a2a-baseline/512B ./apps_mix/gpubench/a2a-baseline/4KiB ./apps_mix/gpubench/a2a-baseline/32KiB ./apps_mix/gpubench/a2a-baseline/256KiB ./apps_mix/gpubench/a2a-baseline/2MiB ./apps_mix/gpubench/a2a-baseline/16MiB ./apps_mix/gpubench/a2a-baseline/128MiB ./apps_mix/gpubench/a2a-baseline/1GiB ./apps_mix/gpubench/a2a-nccl/1B ./apps_mix/gpubench/a2a-nccl/4B ./apps_mix/gpubench/a2a-nccl/8B ./apps_mix/gpubench/a2a-nccl/64B ./apps_mix/gpubench/a2a-nccl/512B ./apps_mix/gpubench/a2a-nccl/4KiB ./apps_mix/gpubench/a2a-nccl/32KiB ./apps_mix/gpubench/a2a-nccl/256KiB ./apps_mix/gpubench/a2a-nccl/2MiB ./apps_mix/gpubench/a2a-nccl/16MiB ./apps_mix/gpubench/a2a-nccl/128MiB ./apps_mix/gpubench/a2a-nccl/1GiB ./apps_mix/gpubench/ar-baseline/1B ./apps_mix/gpubench/ar-baseline/4B ./apps_mix/gpubench/ar-baseline/8B ./apps_mix/gpubench/ar-baseline/64B ./apps_mix/gpubench/ar-baseline/512B ./apps_mix/gpubench/ar-baseline/4KiB ./apps_mix/gpubench/ar-baseline/32KiB ./apps_mix/gpubench/ar-baseline/256KiB ./apps_mix/gpubench/ar-baseline/2MiB ./apps_mix/gpubench/ar-baseline/16MiB ./apps_mix/gpubench/ar-baseline/128MiB ./apps_mix/gpubench/ar-baseline/1GiB ./apps_mix/gpubench/ar-nccl/1B ./apps_mix/gpubench/ar-nccl/4B ./apps_mix/gpubench/ar-nccl/8B ./apps_mix/gpubench/ar-nccl/64B ./apps_mix/gpubench/ar-nccl/512B ./apps_mix/gpubench/ar-nccl/4KiB ./apps_mix/gpubench/ar-nccl/32KiB ./apps_mix/gpubench/ar-nccl/256KiB ./apps_mix/gpubench/ar-nccl/2MiB ./apps_mix/gpubench/ar-nccl/16MiB ./apps_mix/gpubench/ar-nccl/128MiB ./apps_mix/gpubench/ar-nccl/1GiB ./apps_mix/gpubench/ar-nccl/8GiB ./apps_mix/gpubench/hlo-baseline/1B ./apps_mix/gpubench/hlo-baseline/4B ./apps_mix/gpubench/hlo-baseline/8B ./apps_mix/gpubench/hlo-baseline/64B ./apps_mix/gpubench/hlo-baseline/512B ./apps_mix/gpubench/hlo-baseline/4KiB ./apps_mix/gpubench/hlo-baseline/32KiB ./apps_mix/gpubench/hlo-baseline/256KiB ./apps_mix/gpubench/hlo-baseline/2MiB ./apps_mix/gpubench/hlo-baseline/16MiB ./apps_mix/gpubench/hlo-baseline/128MiB ./apps_mix/gpubench/hlo-baseline/1GiB ./apps_mix/gpubench/hlo-nccl/1B ./apps_mix/gpubench/hlo-nccl/4B ./apps_mix/gpubench/hlo-nccl/8B ./apps_mix/gpubench/hlo-nccl/64B ./apps_mix/gpubench/hlo-nccl/512B ./apps_mix/gpubench/hlo-nccl/4KiB ./apps_mix/gpubench/hlo-nccl/32KiB ./apps_mix/gpubench/hlo-nccl/256KiB ./apps_mix/gpubench/hlo-nccl/2MiB ./apps_mix/gpubench/hlo-nccl/16MiB ./apps_mix/gpubench/hlo-nccl/128MiB ./apps_mix/gpubench/hlo-nccl/1GiB
+ for nam in l
+ for split in 100
+ python3 runner.py ./apps_mix/gpubench/a2a-baseline/4B auto -am l -as 100 -n 1 -mn 1 -mx 100 -t 600 -a 0.05 -b 0.05 -of csv -ro +file -p 4

Passed arguments:
Namespace(app_mix='./apps_mix/gpubench/a2a-baseline/4B', node_file='auto', numnodes=1, allocationmode='l', allocationsplit='100', minruns=1, maxruns=100, timeout=600.0, alpha=0.05, beta=0.05, ppn=4, convergeall=False, outformat='csv', runtimeout='+file', seed=1, datapath='./data', extrainfo=None, replace_mix_args=None)

Apps:
0: with arguments:"-l 100 -x 2", collection flag: True, ending condition: run until finished.
Split list: [100.0]
Splits: [1]

Node allocation:
Processes per node (ppn): 4
0 on 1 nodes:
['nid002856']

Schedule:
0.0s: start 0

Preparing took 0.06478s.

Running...
 Run 1:
  0.00118s: started 0
  6.40096s: awaited 0
  Data collection took 0.00022s.
  Convergence check took 0.00084s.
 Run 2:
  0.11268s: started 0
  5.78128s: awaited 0
  Data collection took 0.00012s.
  Convergence check took 0.00079s.
Completed after reaching confidence interval, terminated after 2 runs taking 12.18 seconds.
Writing data & meta-data took 0.01083s.
Overall took 12.26015s.
+ for schedule in ./apps_mix/gpubench/a2a-baseline/1B ./apps_mix/gpubench/a2a-baseline/4B ./apps_mix/gpubench/a2a-baseline/8B ./apps_mix/gpubench/a2a-baseline/64B ./apps_mix/gpubench/a2a-baseline/512B ./apps_mix/gpubench/a2a-baseline/4KiB ./apps_mix/gpubench/a2a-baseline/32KiB ./apps_mix/gpubench/a2a-baseline/256KiB ./apps_mix/gpubench/a2a-baseline/2MiB ./apps_mix/gpubench/a2a-baseline/16MiB ./apps_mix/gpubench/a2a-baseline/128MiB ./apps_mix/gpubench/a2a-baseline/1GiB ./apps_mix/gpubench/a2a-nccl/1B ./apps_mix/gpubench/a2a-nccl/4B ./apps_mix/gpubench/a2a-nccl/8B ./apps_mix/gpubench/a2a-nccl/64B ./apps_mix/gpubench/a2a-nccl/512B ./apps_mix/gpubench/a2a-nccl/4KiB ./apps_mix/gpubench/a2a-nccl/32KiB ./apps_mix/gpubench/a2a-nccl/256KiB ./apps_mix/gpubench/a2a-nccl/2MiB ./apps_mix/gpubench/a2a-nccl/16MiB ./apps_mix/gpubench/a2a-nccl/128MiB ./apps_mix/gpubench/a2a-nccl/1GiB ./apps_mix/gpubench/ar-baseline/1B ./apps_mix/gpubench/ar-baseline/4B ./apps_mix/gpubench/ar-baseline/8B ./apps_mix/gpubench/ar-baseline/64B ./apps_mix/gpubench/ar-baseline/512B ./apps_mix/gpubench/ar-baseline/4KiB ./apps_mix/gpubench/ar-baseline/32KiB ./apps_mix/gpubench/ar-baseline/256KiB ./apps_mix/gpubench/ar-baseline/2MiB ./apps_mix/gpubench/ar-baseline/16MiB ./apps_mix/gpubench/ar-baseline/128MiB ./apps_mix/gpubench/ar-baseline/1GiB ./apps_mix/gpubench/ar-nccl/1B ./apps_mix/gpubench/ar-nccl/4B ./apps_mix/gpubench/ar-nccl/8B ./apps_mix/gpubench/ar-nccl/64B ./apps_mix/gpubench/ar-nccl/512B ./apps_mix/gpubench/ar-nccl/4KiB ./apps_mix/gpubench/ar-nccl/32KiB ./apps_mix/gpubench/ar-nccl/256KiB ./apps_mix/gpubench/ar-nccl/2MiB ./apps_mix/gpubench/ar-nccl/16MiB ./apps_mix/gpubench/ar-nccl/128MiB ./apps_mix/gpubench/ar-nccl/1GiB ./apps_mix/gpubench/ar-nccl/8GiB ./apps_mix/gpubench/hlo-baseline/1B ./apps_mix/gpubench/hlo-baseline/4B ./apps_mix/gpubench/hlo-baseline/8B ./apps_mix/gpubench/hlo-baseline/64B ./apps_mix/gpubench/hlo-baseline/512B ./apps_mix/gpubench/hlo-baseline/4KiB ./apps_mix/gpubench/hlo-baseline/32KiB ./apps_mix/gpubench/hlo-baseline/256KiB ./apps_mix/gpubench/hlo-baseline/2MiB ./apps_mix/gpubench/hlo-baseline/16MiB ./apps_mix/gpubench/hlo-baseline/128MiB ./apps_mix/gpubench/hlo-baseline/1GiB ./apps_mix/gpubench/hlo-nccl/1B ./apps_mix/gpubench/hlo-nccl/4B ./apps_mix/gpubench/hlo-nccl/8B ./apps_mix/gpubench/hlo-nccl/64B ./apps_mix/gpubench/hlo-nccl/512B ./apps_mix/gpubench/hlo-nccl/4KiB ./apps_mix/gpubench/hlo-nccl/32KiB ./apps_mix/gpubench/hlo-nccl/256KiB ./apps_mix/gpubench/hlo-nccl/2MiB ./apps_mix/gpubench/hlo-nccl/16MiB ./apps_mix/gpubench/hlo-nccl/128MiB ./apps_mix/gpubench/hlo-nccl/1GiB
+ for nam in l
+ for split in 100
+ python3 runner.py ./apps_mix/gpubench/a2a-baseline/8B auto -am l -as 100 -n 1 -mn 1 -mx 100 -t 600 -a 0.05 -b 0.05 -of csv -ro +file -p 4

Passed arguments:
Namespace(app_mix='./apps_mix/gpubench/a2a-baseline/8B', node_file='auto', numnodes=1, allocationmode='l', allocationsplit='100', minruns=1, maxruns=100, timeout=600.0, alpha=0.05, beta=0.05, ppn=4, convergeall=False, outformat='csv', runtimeout='+file', seed=1, datapath='./data', extrainfo=None, replace_mix_args=None)

Apps:
0: with arguments:"-l 100 -x 3", collection flag: True, ending condition: run until finished.
Split list: [100.0]
Splits: [1]

Node allocation:
Processes per node (ppn): 4
0 on 1 nodes:
['nid002856']

Schedule:
0.0s: start 0

Preparing took 0.05236s.

Running...
 Run 1:
  0.00119s: started 0
  6.46826s: awaited 0
  Data collection took 0.00022s.
  Convergence check took 0.00084s.
 Run 2:
  0.12076s: started 0
  5.72443s: awaited 0
  Data collection took 0.00013s.
  Convergence check took 0.0007s.
Completed after reaching confidence interval, terminated after 2 runs taking 12.19 seconds.
Writing data & meta-data took 0.01364s.
Overall took 12.26072s.
+ for schedule in ./apps_mix/gpubench/a2a-baseline/1B ./apps_mix/gpubench/a2a-baseline/4B ./apps_mix/gpubench/a2a-baseline/8B ./apps_mix/gpubench/a2a-baseline/64B ./apps_mix/gpubench/a2a-baseline/512B ./apps_mix/gpubench/a2a-baseline/4KiB ./apps_mix/gpubench/a2a-baseline/32KiB ./apps_mix/gpubench/a2a-baseline/256KiB ./apps_mix/gpubench/a2a-baseline/2MiB ./apps_mix/gpubench/a2a-baseline/16MiB ./apps_mix/gpubench/a2a-baseline/128MiB ./apps_mix/gpubench/a2a-baseline/1GiB ./apps_mix/gpubench/a2a-nccl/1B ./apps_mix/gpubench/a2a-nccl/4B ./apps_mix/gpubench/a2a-nccl/8B ./apps_mix/gpubench/a2a-nccl/64B ./apps_mix/gpubench/a2a-nccl/512B ./apps_mix/gpubench/a2a-nccl/4KiB ./apps_mix/gpubench/a2a-nccl/32KiB ./apps_mix/gpubench/a2a-nccl/256KiB ./apps_mix/gpubench/a2a-nccl/2MiB ./apps_mix/gpubench/a2a-nccl/16MiB ./apps_mix/gpubench/a2a-nccl/128MiB ./apps_mix/gpubench/a2a-nccl/1GiB ./apps_mix/gpubench/ar-baseline/1B ./apps_mix/gpubench/ar-baseline/4B ./apps_mix/gpubench/ar-baseline/8B ./apps_mix/gpubench/ar-baseline/64B ./apps_mix/gpubench/ar-baseline/512B ./apps_mix/gpubench/ar-baseline/4KiB ./apps_mix/gpubench/ar-baseline/32KiB ./apps_mix/gpubench/ar-baseline/256KiB ./apps_mix/gpubench/ar-baseline/2MiB ./apps_mix/gpubench/ar-baseline/16MiB ./apps_mix/gpubench/ar-baseline/128MiB ./apps_mix/gpubench/ar-baseline/1GiB ./apps_mix/gpubench/ar-nccl/1B ./apps_mix/gpubench/ar-nccl/4B ./apps_mix/gpubench/ar-nccl/8B ./apps_mix/gpubench/ar-nccl/64B ./apps_mix/gpubench/ar-nccl/512B ./apps_mix/gpubench/ar-nccl/4KiB ./apps_mix/gpubench/ar-nccl/32KiB ./apps_mix/gpubench/ar-nccl/256KiB ./apps_mix/gpubench/ar-nccl/2MiB ./apps_mix/gpubench/ar-nccl/16MiB ./apps_mix/gpubench/ar-nccl/128MiB ./apps_mix/gpubench/ar-nccl/1GiB ./apps_mix/gpubench/ar-nccl/8GiB ./apps_mix/gpubench/hlo-baseline/1B ./apps_mix/gpubench/hlo-baseline/4B ./apps_mix/gpubench/hlo-baseline/8B ./apps_mix/gpubench/hlo-baseline/64B ./apps_mix/gpubench/hlo-baseline/512B ./apps_mix/gpubench/hlo-baseline/4KiB ./apps_mix/gpubench/hlo-baseline/32KiB ./apps_mix/gpubench/hlo-baseline/256KiB ./apps_mix/gpubench/hlo-baseline/2MiB ./apps_mix/gpubench/hlo-baseline/16MiB ./apps_mix/gpubench/hlo-baseline/128MiB ./apps_mix/gpubench/hlo-baseline/1GiB ./apps_mix/gpubench/hlo-nccl/1B ./apps_mix/gpubench/hlo-nccl/4B ./apps_mix/gpubench/hlo-nccl/8B ./apps_mix/gpubench/hlo-nccl/64B ./apps_mix/gpubench/hlo-nccl/512B ./apps_mix/gpubench/hlo-nccl/4KiB ./apps_mix/gpubench/hlo-nccl/32KiB ./apps_mix/gpubench/hlo-nccl/256KiB ./apps_mix/gpubench/hlo-nccl/2MiB ./apps_mix/gpubench/hlo-nccl/16MiB ./apps_mix/gpubench/hlo-nccl/128MiB ./apps_mix/gpubench/hlo-nccl/1GiB
+ for nam in l
+ for split in 100
+ python3 runner.py ./apps_mix/gpubench/a2a-baseline/64B auto -am l -as 100 -n 1 -mn 1 -mx 100 -t 600 -a 0.05 -b 0.05 -of csv -ro +file -p 4

Passed arguments:
Namespace(app_mix='./apps_mix/gpubench/a2a-baseline/64B', node_file='auto', numnodes=1, allocationmode='l', allocationsplit='100', minruns=1, maxruns=100, timeout=600.0, alpha=0.05, beta=0.05, ppn=4, convergeall=False, outformat='csv', runtimeout='+file', seed=1, datapath='./data', extrainfo=None, replace_mix_args=None)

Apps:
0: with arguments:"-l 100 -x 6", collection flag: True, ending condition: run until finished.
Split list: [100.0]
Splits: [1]

Node allocation:
Processes per node (ppn): 4
0 on 1 nodes:
['nid002856']

Schedule:
0.0s: start 0

Preparing took 0.04453s.

Running...
 Run 1:
  0.00127s: started 0
  6.33197s: awaited 0
  Data collection took 0.00021s.
  Convergence check took 0.00083s.
 Run 2:
  0.13093s: started 0
  6.09437s: awaited 0
  Data collection took 0.00012s.
  Convergence check took 0.00068s.
Completed after reaching confidence interval, terminated after 2 runs taking 12.43 seconds.
Writing data & meta-data took 0.01333s.
Overall took 12.48617s.
+ for schedule in ./apps_mix/gpubench/a2a-baseline/1B ./apps_mix/gpubench/a2a-baseline/4B ./apps_mix/gpubench/a2a-baseline/8B ./apps_mix/gpubench/a2a-baseline/64B ./apps_mix/gpubench/a2a-baseline/512B ./apps_mix/gpubench/a2a-baseline/4KiB ./apps_mix/gpubench/a2a-baseline/32KiB ./apps_mix/gpubench/a2a-baseline/256KiB ./apps_mix/gpubench/a2a-baseline/2MiB ./apps_mix/gpubench/a2a-baseline/16MiB ./apps_mix/gpubench/a2a-baseline/128MiB ./apps_mix/gpubench/a2a-baseline/1GiB ./apps_mix/gpubench/a2a-nccl/1B ./apps_mix/gpubench/a2a-nccl/4B ./apps_mix/gpubench/a2a-nccl/8B ./apps_mix/gpubench/a2a-nccl/64B ./apps_mix/gpubench/a2a-nccl/512B ./apps_mix/gpubench/a2a-nccl/4KiB ./apps_mix/gpubench/a2a-nccl/32KiB ./apps_mix/gpubench/a2a-nccl/256KiB ./apps_mix/gpubench/a2a-nccl/2MiB ./apps_mix/gpubench/a2a-nccl/16MiB ./apps_mix/gpubench/a2a-nccl/128MiB ./apps_mix/gpubench/a2a-nccl/1GiB ./apps_mix/gpubench/ar-baseline/1B ./apps_mix/gpubench/ar-baseline/4B ./apps_mix/gpubench/ar-baseline/8B ./apps_mix/gpubench/ar-baseline/64B ./apps_mix/gpubench/ar-baseline/512B ./apps_mix/gpubench/ar-baseline/4KiB ./apps_mix/gpubench/ar-baseline/32KiB ./apps_mix/gpubench/ar-baseline/256KiB ./apps_mix/gpubench/ar-baseline/2MiB ./apps_mix/gpubench/ar-baseline/16MiB ./apps_mix/gpubench/ar-baseline/128MiB ./apps_mix/gpubench/ar-baseline/1GiB ./apps_mix/gpubench/ar-nccl/1B ./apps_mix/gpubench/ar-nccl/4B ./apps_mix/gpubench/ar-nccl/8B ./apps_mix/gpubench/ar-nccl/64B ./apps_mix/gpubench/ar-nccl/512B ./apps_mix/gpubench/ar-nccl/4KiB ./apps_mix/gpubench/ar-nccl/32KiB ./apps_mix/gpubench/ar-nccl/256KiB ./apps_mix/gpubench/ar-nccl/2MiB ./apps_mix/gpubench/ar-nccl/16MiB ./apps_mix/gpubench/ar-nccl/128MiB ./apps_mix/gpubench/ar-nccl/1GiB ./apps_mix/gpubench/ar-nccl/8GiB ./apps_mix/gpubench/hlo-baseline/1B ./apps_mix/gpubench/hlo-baseline/4B ./apps_mix/gpubench/hlo-baseline/8B ./apps_mix/gpubench/hlo-baseline/64B ./apps_mix/gpubench/hlo-baseline/512B ./apps_mix/gpubench/hlo-baseline/4KiB ./apps_mix/gpubench/hlo-baseline/32KiB ./apps_mix/gpubench/hlo-baseline/256KiB ./apps_mix/gpubench/hlo-baseline/2MiB ./apps_mix/gpubench/hlo-baseline/16MiB ./apps_mix/gpubench/hlo-baseline/128MiB ./apps_mix/gpubench/hlo-baseline/1GiB ./apps_mix/gpubench/hlo-nccl/1B ./apps_mix/gpubench/hlo-nccl/4B ./apps_mix/gpubench/hlo-nccl/8B ./apps_mix/gpubench/hlo-nccl/64B ./apps_mix/gpubench/hlo-nccl/512B ./apps_mix/gpubench/hlo-nccl/4KiB ./apps_mix/gpubench/hlo-nccl/32KiB ./apps_mix/gpubench/hlo-nccl/256KiB ./apps_mix/gpubench/hlo-nccl/2MiB ./apps_mix/gpubench/hlo-nccl/16MiB ./apps_mix/gpubench/hlo-nccl/128MiB ./apps_mix/gpubench/hlo-nccl/1GiB
+ for nam in l
+ for split in 100
+ python3 runner.py ./apps_mix/gpubench/a2a-baseline/512B auto -am l -as 100 -n 1 -mn 1 -mx 100 -t 600 -a 0.05 -b 0.05 -of csv -ro +file -p 4

Passed arguments:
Namespace(app_mix='./apps_mix/gpubench/a2a-baseline/512B', node_file='auto', numnodes=1, allocationmode='l', allocationsplit='100', minruns=1, maxruns=100, timeout=600.0, alpha=0.05, beta=0.05, ppn=4, convergeall=False, outformat='csv', runtimeout='+file', seed=1, datapath='./data', extrainfo=None, replace_mix_args=None)

Apps:
0: with arguments:"-l 100 -x 9", collection flag: True, ending condition: run until finished.
Split list: [100.0]
Splits: [1]

Node allocation:
Processes per node (ppn): 4
0 on 1 nodes:
['nid002856']

Schedule:
0.0s: start 0

Preparing took 0.04997s.

Running...
 Run 1:
  0.00124s: started 0
  6.51669s: awaited 0
  Data collection took 0.00022s.
  Convergence check took 0.00083s.
 Run 2:
  0.06119s: started 0
  5.95865s: awaited 0
  Data collection took 0.00012s.
  Convergence check took 0.0007s.
Completed after reaching confidence interval, terminated after 2 runs taking 12.48 seconds.
Writing data & meta-data took 0.01058s.
Overall took 12.53788s.
+ for schedule in ./apps_mix/gpubench/a2a-baseline/1B ./apps_mix/gpubench/a2a-baseline/4B ./apps_mix/gpubench/a2a-baseline/8B ./apps_mix/gpubench/a2a-baseline/64B ./apps_mix/gpubench/a2a-baseline/512B ./apps_mix/gpubench/a2a-baseline/4KiB ./apps_mix/gpubench/a2a-baseline/32KiB ./apps_mix/gpubench/a2a-baseline/256KiB ./apps_mix/gpubench/a2a-baseline/2MiB ./apps_mix/gpubench/a2a-baseline/16MiB ./apps_mix/gpubench/a2a-baseline/128MiB ./apps_mix/gpubench/a2a-baseline/1GiB ./apps_mix/gpubench/a2a-nccl/1B ./apps_mix/gpubench/a2a-nccl/4B ./apps_mix/gpubench/a2a-nccl/8B ./apps_mix/gpubench/a2a-nccl/64B ./apps_mix/gpubench/a2a-nccl/512B ./apps_mix/gpubench/a2a-nccl/4KiB ./apps_mix/gpubench/a2a-nccl/32KiB ./apps_mix/gpubench/a2a-nccl/256KiB ./apps_mix/gpubench/a2a-nccl/2MiB ./apps_mix/gpubench/a2a-nccl/16MiB ./apps_mix/gpubench/a2a-nccl/128MiB ./apps_mix/gpubench/a2a-nccl/1GiB ./apps_mix/gpubench/ar-baseline/1B ./apps_mix/gpubench/ar-baseline/4B ./apps_mix/gpubench/ar-baseline/8B ./apps_mix/gpubench/ar-baseline/64B ./apps_mix/gpubench/ar-baseline/512B ./apps_mix/gpubench/ar-baseline/4KiB ./apps_mix/gpubench/ar-baseline/32KiB ./apps_mix/gpubench/ar-baseline/256KiB ./apps_mix/gpubench/ar-baseline/2MiB ./apps_mix/gpubench/ar-baseline/16MiB ./apps_mix/gpubench/ar-baseline/128MiB ./apps_mix/gpubench/ar-baseline/1GiB ./apps_mix/gpubench/ar-nccl/1B ./apps_mix/gpubench/ar-nccl/4B ./apps_mix/gpubench/ar-nccl/8B ./apps_mix/gpubench/ar-nccl/64B ./apps_mix/gpubench/ar-nccl/512B ./apps_mix/gpubench/ar-nccl/4KiB ./apps_mix/gpubench/ar-nccl/32KiB ./apps_mix/gpubench/ar-nccl/256KiB ./apps_mix/gpubench/ar-nccl/2MiB ./apps_mix/gpubench/ar-nccl/16MiB ./apps_mix/gpubench/ar-nccl/128MiB ./apps_mix/gpubench/ar-nccl/1GiB ./apps_mix/gpubench/ar-nccl/8GiB ./apps_mix/gpubench/hlo-baseline/1B ./apps_mix/gpubench/hlo-baseline/4B ./apps_mix/gpubench/hlo-baseline/8B ./apps_mix/gpubench/hlo-baseline/64B ./apps_mix/gpubench/hlo-baseline/512B ./apps_mix/gpubench/hlo-baseline/4KiB ./apps_mix/gpubench/hlo-baseline/32KiB ./apps_mix/gpubench/hlo-baseline/256KiB ./apps_mix/gpubench/hlo-baseline/2MiB ./apps_mix/gpubench/hlo-baseline/16MiB ./apps_mix/gpubench/hlo-baseline/128MiB ./apps_mix/gpubench/hlo-baseline/1GiB ./apps_mix/gpubench/hlo-nccl/1B ./apps_mix/gpubench/hlo-nccl/4B ./apps_mix/gpubench/hlo-nccl/8B ./apps_mix/gpubench/hlo-nccl/64B ./apps_mix/gpubench/hlo-nccl/512B ./apps_mix/gpubench/hlo-nccl/4KiB ./apps_mix/gpubench/hlo-nccl/32KiB ./apps_mix/gpubench/hlo-nccl/256KiB ./apps_mix/gpubench/hlo-nccl/2MiB ./apps_mix/gpubench/hlo-nccl/16MiB ./apps_mix/gpubench/hlo-nccl/128MiB ./apps_mix/gpubench/hlo-nccl/1GiB
+ for nam in l
+ for split in 100
+ python3 runner.py ./apps_mix/gpubench/a2a-baseline/4KiB auto -am l -as 100 -n 1 -mn 1 -mx 100 -t 600 -a 0.05 -b 0.05 -of csv -ro +file -p 4
slurmstepd: error: *** JOB 44163 ON nid002856 CANCELLED AT 2024-03-19T18:10:16 ***
