# Sysname : Linux
# Nodename: lrdn1780.leonardo.local
# Release : 4.18.0-425.19.2.el8_7.x86_64
# Version : #1 SMP Fri Mar 17 01:52:38 EDT 2023
# Machine : Linux
## Netgauge v2.4.6 - mode mpi - 2 processes
##
## A...message size [byte]
##
## B...minimum send blocking time
## C...average send blocking time
## D...median send blocking time
## E...maximum send blocking time
## F...standard deviation for send blocking time (stddev)
## G...number of send blocking time values, that were bigger than avg + 2 * stddev.
##
## H...minimum RTT/2
## I...average RTT/2
## J...median RTT/2
## K...maximum RTT/2
## L...standard deviation for RTT/2 (stddev)
## M...number of RTT/2 values, that were bigger than avg + 2 * stddev.
##
## N...minimum throughput [Mbit/sec]
## O...average throughput [Mbit/sec]
## P...median throughput [Mbit/sec]
## Q...maximum throughput [Mbit/sec]
##
## A  -  B  C  D  E  (F G) - H  I  J  K  (L M)  -  N  O  P  Q
1 - 0.16 0.17 0.16 0.62 (0.05 1) - 1.00 1.05 1.03 1.32 (0.06 6) - 6.08 7.63 7.74 8.01
2 - 0.14 0.16 0.16 0.25 (0.01 2) - 1.00 1.04 1.03 1.24 (0.03 2) - 12.86 15.40 15.48 15.94
3 - 0.14 0.16 0.16 0.26 (0.01 1) - 1.01 1.04 1.04 1.18 (0.03 4) - 20.36 23.06 23.17 23.76
4 - 0.16 0.16 0.16 0.23 (0.01 3) - 1.01 1.04 1.04 1.10 (0.02 5) - 29.10 30.75 30.84 31.67
6 - 0.16 0.16 0.16 0.17 (0.00 1) - 1.01 1.04 1.04 1.22 (0.02 2) - 39.26 46.16 46.33 47.62
8 - 0.16 0.16 0.16 0.18 (0.00 7) - 1.01 1.04 1.04 1.25 (0.04 4) - 51.41 61.31 61.78 63.49
12 - 0.16 0.16 0.16 0.17 (0.00 4) - 1.01 1.05 1.04 1.39 (0.05 2) - 69.29 91.68 92.53 95.00
16 - 0.15 0.16 0.16 0.18 (0.00 5) - 1.01 1.04 1.04 1.13 (0.02 4) - 112.97 123.06 123.49 126.67
24 - 0.16 0.16 0.16 0.18 (0.00 2) - 1.03 1.06 1.06 1.27 (0.03 2) - 151.54 180.34 181.22 187.04
32 - 0.15 0.15 0.15 0.18 (0.00 3) - 1.02 1.06 1.06 1.24 (0.03 2) - 206.70 241.49 241.62 251.47
48 - 0.14 0.16 0.16 0.22 (0.01 4) - 1.05 1.09 1.08 1.31 (0.03 2) - 294.14 353.42 354.73 367.11
64 - 0.14 0.16 0.16 0.22 (0.01 2) - 1.08 1.18 1.16 1.58 (0.07 6) - 323.13 433.24 442.14 472.54
96 - 0.16 0.17 0.17 0.21 (0.01 4) - 1.12 1.18 1.16 1.41 (0.06 7) - 545.07 651.18 662.07 686.63
128 - 0.17 0.18 0.17 0.26 (0.02 7) - 1.15 1.23 1.20 1.59 (0.08 7) - 643.22 831.08 853.69 886.96
192 - 0.17 0.18 0.18 0.24 (0.01 4) - 1.18 1.25 1.23 1.67 (0.07 5) - 921.69 1227.99 1252.34 1301.69
256 - 0.18 0.19 0.20 0.24 (0.01 7) - 1.33 1.42 1.41 1.62 (0.05 8) - 1263.42 1443.64 1453.51 1534.08
384 - 0.18 0.21 0.21 0.24 (0.01 8) - 1.35 1.47 1.46 1.65 (0.05 9) - 1861.25 2095.35 2107.00 2275.56
512 - 0.20 0.21 0.21 0.24 (0.01 6) - 1.44 1.50 1.49 1.68 (0.05 5) - 2437.37 2726.83 2750.84 2853.36
768 - 0.19 0.21 0.21 0.25 (0.01 5) - 1.44 1.53 1.51 1.98 (0.07 4) - 3099.90 4010.40 4060.81 4274.09
1024 - 0.21 0.23 0.22 0.27 (0.01 4) - 1.49 1.60 1.58 1.98 (0.08 5) - 4134.24 5128.99 5199.62 5485.10
1536 - 0.23 0.25 0.25 0.29 (0.01 3) - 1.62 1.68 1.67 1.89 (0.05 6) - 6515.38 7299.04 7340.50 7582.84
2048 - 0.19 0.24 0.23 0.65 (0.05 1) - 2.10 2.21 2.17 3.16 (0.13 2) - 5177.44 7416.65 7545.01 7801.90
3072 - 0.24 0.27 0.27 0.31 (0.01 5) - 2.37 2.48 2.46 2.72 (0.07 6) - 9031.97 9917.08 10000.41 10380.57
4096 - 0.28 0.30 0.30 0.36 (0.02 8) - 2.82 2.91 2.89 3.22 (0.07 6) - 10173.24 11253.15 11320.78 11628.11
6143 - 0.37 0.44 0.42 0.83 (0.09 8) - 3.33 3.50 3.48 4.22 (0.13 2) - 11631.72 14046.42 14119.81 14746.89
8190 - 0.41 0.50 0.47 0.93 (0.10 7) - 3.78 4.04 3.98 5.14 (0.19 5) - 12745.84 16211.26 16456.11 17342.51
10237 - 0.49 0.62 0.60 2.09 (0.17 3) - 3.96 4.22 4.19 4.83 (0.16 4) - 16969.75 19423.46 19536.26 20706.95
14333 - 0.71 0.82 0.77 1.23 (0.13 9) - 4.86 5.05 5.04 5.33 (0.12 8) - 21521.02 22686.83 22744.02 23605.56
18429 - 0.85 1.01 0.97 1.49 (0.13 6) - 5.48 5.81 5.81 6.21 (0.14 6) - 23754.45 25375.65 25395.23 26915.93
26621 - 1.22 1.40 1.34 2.11 (0.16 5) - 6.52 6.87 6.83 7.60 (0.20 4) - 28012.89 31011.78 31160.73 32673.83
34813 - 1.58 1.78 1.71 4.09 (0.29 2) - 7.10 7.52 7.50 8.24 (0.23 6) - 33792.88 37031.09 37158.64 39231.44
51197 - 2.19 2.54 2.44 3.34 (0.26 7) - 7.95 8.54 8.52 9.55 (0.34 4) - 42876.32 47982.25 48083.59 51493.09
67581 - 2.97 3.30 3.21 4.09 (0.26 5) - 9.55 9.96 9.93 10.89 (0.26 6) - 49646.28 54284.73 54456.89 56627.18
100349 - 4.43 4.84 4.75 5.85 (0.32 4) - 11.88 12.27 12.25 12.85 (0.22 3) - 62495.97 65451.47 65536.72 67603.54
133117 - 5.81 6.35 6.25 8.22 (0.40 4) - 14.51 14.98 14.95 15.72 (0.25 5) - 67731.09 71102.96 71242.71 73393.25
198653 - 8.91 9.55 9.45 11.29 (0.46 4) - 20.07 20.43 20.42 21.08 (0.21 3) - 75375.83 77785.33 77832.55 79180.11
264189 - 15.87 15.98 15.96 16.61 (0.09 4) - 14.96 15.04 15.01 15.52 (0.09 4) - 136149.19 140560.74 140778.79 141320.05
395261 - 21.20 21.31 21.27 22.34 (0.16 5) - 20.26 20.34 20.31 20.95 (0.09 3) - 150931.39 155472.41 155672.02 156071.57
526333 - 26.52 26.61 26.59 27.00 (0.08 3) - 25.57 25.65 25.63 25.85 (0.05 6) - 162900.96 164181.07 164273.72 164662.38
788477 - 37.11 37.23 37.21 37.52 (0.08 6) - 36.18 36.27 36.25 36.52 (0.06 5) - 172715.14 173930.44 173994.32 174326.11
1050621 - 47.73 47.85 47.84 48.24 (0.08 4) - 46.80 46.88 46.87 47.06 (0.05 5) - 178604.90 179285.01 179313.63 179604.85
1574909 - 68.97 69.08 69.07 70.13 (0.12 2) - 68.02 68.11 68.09 68.66 (0.08 4) - 183493.01 184976.26 185026.28 185233.02
2099197 - 90.20 90.33 90.31 91.63 (0.14 1) - 89.25 89.40 89.35 90.20 (0.12 3) - 186189.81 187857.86 187945.36 188160.15
3147773 - 132.85 133.16 133.07 136.89 (0.43 1) - 131.80 132.16 132.13 134.09 (0.24 1) - 187799.21 190549.50 190586.42 191057.81
4196349 - 175.15 175.34 175.25 178.73 (0.41 3) - 174.21 174.49 174.45 176.22 (0.22 3) - 190506.63 192393.59 192437.35 192705.23
6293500 - 260.15 260.33 260.30 261.38 (0.14 3) - 259.28 259.65 259.66 260.08 (0.13 6) - 193589.19 193907.35 193899.72 194184.64
8390651 - 345.19 345.60 345.66 346.68 (0.26 3) - 344.46 344.83 344.86 345.41 (0.19 2) - 194335.15 194664.08 194642.55 194871.12
12584955 - 515.19 515.58 515.63 516.44 (0.26 2) - 514.35 514.71 514.69 515.20 (0.16 6) - 195419.50 195604.70 195610.86 195740.17
16777216 - 684.81 685.24 685.14 686.50 (0.39 5) - 684.17 684.53 684.45 685.49 (0.23 4) - 195797.09 196074.05 196096.31 196174.56
